<?xml version="1.0" encoding="UTF-8"?>
<!-- Generated by org.testng.reporters.JUnitXMLReporter -->
<testsuite hostname="KeshavSingh-108262.local" ignored="1" name="MS" tests="2" failures="0" timestamp="04 May 2020 11:55:38 GMT" time="0.031" errors="0">
  <testcase name="getParameter" time="0.009" classname="test.TestParameter"/>
  <testcase name="getParameter" time="0.002" classname="test.TestParameter"/>
  <testcase name="testEnum" time="0.0" classname="test.TestEnum">
    <ignored/>
  </testcase> <!-- testEnum -->
</testsuite> <!-- MS -->
